{"/Users/igorassuncao/projects/personal/b2w-challenge/api/src/app.js": {"path":"/Users/igorassuncao/projects/personal/b2w-challenge/api/src/app.js","statementMap":{"0":{"start":{"line":8,"column":4},"end":{"line":8,"column":28}},"1":{"start":{"line":10,"column":4},"end":{"line":10,"column":23}},"2":{"start":{"line":11,"column":4},"end":{"line":11,"column":18}},"3":{"start":{"line":15,"column":4},"end":{"line":15,"column":36}},"4":{"start":{"line":19,"column":4},"end":{"line":19,"column":28}}},"fnMap":{"0":{"name":"(anonymous_0)","decl":{"start":{"line":7,"column":2},"end":{"line":7,"column":3}},"loc":{"start":{"line":7,"column":16},"end":{"line":12,"column":3}},"line":7},"1":{"name":"(anonymous_1)","decl":{"start":{"line":14,"column":2},"end":{"line":14,"column":3}},"loc":{"start":{"line":14,"column":16},"end":{"line":16,"column":3}},"line":14},"2":{"name":"(anonymous_2)","decl":{"start":{"line":18,"column":2},"end":{"line":18,"column":3}},"loc":{"start":{"line":18,"column":11},"end":{"line":20,"column":3}},"line":18}},"branchMap":{},"s":{"0":1,"1":1,"2":1,"3":1,"4":1},"f":{"0":1,"1":1,"2":1},"b":{},"_coverageSchema":"43e27e138ebf9cfc5966b082cf9a028302ed4184","hash":"864141c550eb563724884a25d5b482ecb9e9e094"}
,"/Users/igorassuncao/projects/personal/b2w-challenge/api/src/routes.js": {"path":"/Users/igorassuncao/projects/personal/b2w-challenge/api/src/routes.js","statementMap":{"0":{"start":{"line":5,"column":15},"end":{"line":5,"column":27}},"1":{"start":{"line":7,"column":0},"end":{"line":9,"column":3}},"2":{"start":{"line":8,"column":2},"end":{"line":8,"column":53}},"3":{"start":{"line":11,"column":0},"end":{"line":11,"column":49}},"4":{"start":{"line":12,"column":0},"end":{"line":12,"column":54}},"5":{"start":{"line":13,"column":0},"end":{"line":13,"column":52}},"6":{"start":{"line":14,"column":0},"end":{"line":14,"column":49}},"7":{"start":{"line":15,"column":0},"end":{"line":15,"column":51}}},"fnMap":{"0":{"name":"(anonymous_0)","decl":{"start":{"line":7,"column":16},"end":{"line":7,"column":17}},"loc":{"start":{"line":7,"column":45},"end":{"line":9,"column":1}},"line":7}},"branchMap":{},"s":{"0":1,"1":1,"2":0,"3":1,"4":1,"5":1,"6":1,"7":1},"f":{"0":0},"b":{},"_coverageSchema":"43e27e138ebf9cfc5966b082cf9a028302ed4184","hash":"3e768a0b4326a5de92ed5b5e0b83a11647565df6"}
,"/Users/igorassuncao/projects/personal/b2w-challenge/api/src/app/controllers/PlanetController.js": {"path":"/Users/igorassuncao/projects/personal/b2w-challenge/api/src/app/controllers/PlanetController.js","statementMap":{"0":{"start":{"line":9,"column":20},"end":{"line":9,"column":57}},"1":{"start":{"line":11,"column":4},"end":{"line":14,"column":9}},"2":{"start":{"line":12,"column":6},"end":{"line":14,"column":9}},"3":{"start":{"line":16,"column":4},"end":{"line":16,"column":34}},"4":{"start":{"line":20,"column":19},"end":{"line":20,"column":59}},"5":{"start":{"line":22,"column":4},"end":{"line":23,"column":70}},"6":{"start":{"line":23,"column":6},"end":{"line":23,"column":70}},"7":{"start":{"line":25,"column":4},"end":{"line":25,"column":33}},"8":{"start":{"line":29,"column":19},"end":{"line":32,"column":5}},"9":{"start":{"line":34,"column":4},"end":{"line":35,"column":70}},"10":{"start":{"line":35,"column":6},"end":{"line":35,"column":70}},"11":{"start":{"line":37,"column":4},"end":{"line":37,"column":36}},"12":{"start":{"line":41,"column":19},"end":{"line":45,"column":6}},"13":{"start":{"line":47,"column":4},"end":{"line":51,"column":5}},"14":{"start":{"line":48,"column":6},"end":{"line":50,"column":69}},"15":{"start":{"line":53,"column":23},"end":{"line":58,"column":5}},"16":{"start":{"line":60,"column":4},"end":{"line":61,"column":70}},"17":{"start":{"line":61,"column":6},"end":{"line":61,"column":70}},"18":{"start":{"line":63,"column":39},"end":{"line":63,"column":51}},"19":{"start":{"line":65,"column":30},"end":{"line":72,"column":5}},"20":{"start":{"line":74,"column":4},"end":{"line":76,"column":5}},"21":{"start":{"line":75,"column":6},"end":{"line":75,"column":80}},"22":{"start":{"line":78,"column":19},"end":{"line":83,"column":6}},"23":{"start":{"line":85,"column":4},"end":{"line":91,"column":7}},"24":{"start":{"line":95,"column":19},"end":{"line":97,"column":6}},"25":{"start":{"line":99,"column":4},"end":{"line":103,"column":5}},"26":{"start":{"line":100,"column":6},"end":{"line":102,"column":69}},"27":{"start":{"line":105,"column":26},"end":{"line":107,"column":6}},"28":{"start":{"line":109,"column":4},"end":{"line":112,"column":56}},"29":{"start":{"line":110,"column":6},"end":{"line":112,"column":56}},"30":{"start":{"line":114,"column":4},"end":{"line":114,"column":40}}},"fnMap":{"0":{"name":"(anonymous_0)","decl":{"start":{"line":8,"column":2},"end":{"line":8,"column":3}},"loc":{"start":{"line":8,"column":32},"end":{"line":17,"column":3}},"line":8},"1":{"name":"(anonymous_1)","decl":{"start":{"line":19,"column":2},"end":{"line":19,"column":3}},"loc":{"start":{"line":19,"column":36},"end":{"line":26,"column":3}},"line":19},"2":{"name":"(anonymous_2)","decl":{"start":{"line":28,"column":2},"end":{"line":28,"column":3}},"loc":{"start":{"line":28,"column":38},"end":{"line":38,"column":3}},"line":28},"3":{"name":"(anonymous_3)","decl":{"start":{"line":40,"column":2},"end":{"line":40,"column":3}},"loc":{"start":{"line":40,"column":34},"end":{"line":92,"column":3}},"line":40},"4":{"name":"(anonymous_4)","decl":{"start":{"line":94,"column":2},"end":{"line":94,"column":3}},"loc":{"start":{"line":94,"column":34},"end":{"line":115,"column":3}},"line":94}},"branchMap":{"0":{"loc":{"start":{"line":11,"column":4},"end":{"line":14,"column":9}},"type":"if","locations":[{"start":{"line":11,"column":4},"end":{"line":14,"column":9}},{"start":{"line":11,"column":4},"end":{"line":14,"column":9}}],"line":11},"1":{"loc":{"start":{"line":22,"column":4},"end":{"line":23,"column":70}},"type":"if","locations":[{"start":{"line":22,"column":4},"end":{"line":23,"column":70}},{"start":{"line":22,"column":4},"end":{"line":23,"column":70}}],"line":22},"2":{"loc":{"start":{"line":34,"column":4},"end":{"line":35,"column":70}},"type":"if","locations":[{"start":{"line":34,"column":4},"end":{"line":35,"column":70}},{"start":{"line":34,"column":4},"end":{"line":35,"column":70}}],"line":34},"3":{"loc":{"start":{"line":47,"column":4},"end":{"line":51,"column":5}},"type":"if","locations":[{"start":{"line":47,"column":4},"end":{"line":51,"column":5}},{"start":{"line":47,"column":4},"end":{"line":51,"column":5}}],"line":47},"4":{"loc":{"start":{"line":60,"column":4},"end":{"line":61,"column":70}},"type":"if","locations":[{"start":{"line":60,"column":4},"end":{"line":61,"column":70}},{"start":{"line":60,"column":4},"end":{"line":61,"column":70}}],"line":60},"5":{"loc":{"start":{"line":74,"column":4},"end":{"line":76,"column":5}},"type":"if","locations":[{"start":{"line":74,"column":4},"end":{"line":76,"column":5}},{"start":{"line":74,"column":4},"end":{"line":76,"column":5}}],"line":74},"6":{"loc":{"start":{"line":99,"column":4},"end":{"line":103,"column":5}},"type":"if","locations":[{"start":{"line":99,"column":4},"end":{"line":103,"column":5}},{"start":{"line":99,"column":4},"end":{"line":103,"column":5}}],"line":99},"7":{"loc":{"start":{"line":109,"column":4},"end":{"line":112,"column":56}},"type":"if","locations":[{"start":{"line":109,"column":4},"end":{"line":112,"column":56}},{"start":{"line":109,"column":4},"end":{"line":112,"column":56}}],"line":109}},"s":{"0":1,"1":1,"2":0,"3":1,"4":1,"5":1,"6":0,"7":1,"8":1,"9":1,"10":0,"11":1,"12":2,"13":2,"14":0,"15":2,"16":2,"17":0,"18":2,"19":2,"20":2,"21":1,"22":1,"23":1,"24":0,"25":0,"26":0,"27":0,"28":0,"29":0,"30":0},"f":{"0":1,"1":1,"2":1,"3":2,"4":0},"b":{"0":[0,1],"1":[0,1],"2":[0,1],"3":[0,2],"4":[0,2],"5":[1,1],"6":[0,0],"7":[0,0]},"_coverageSchema":"43e27e138ebf9cfc5966b082cf9a028302ed4184","hash":"068e7c8cc3fdc8376cbf2dfdaeaadf45340bfa7d"}
,"/Users/igorassuncao/projects/personal/b2w-challenge/api/src/app/schemas/Planet.js": {"path":"/Users/igorassuncao/projects/personal/b2w-challenge/api/src/app/schemas/Planet.js","statementMap":{"0":{"start":{"line":3,"column":21},"end":{"line":20,"column":2}}},"fnMap":{},"branchMap":{},"s":{"0":1},"f":{},"b":{},"_coverageSchema":"43e27e138ebf9cfc5966b082cf9a028302ed4184","hash":"67aa68bbebe9c2f19cfdc234fd514b7412617d45"}
,"/Users/igorassuncao/projects/personal/b2w-challenge/api/src/database/index.js": {"path":"/Users/igorassuncao/projects/personal/b2w-challenge/api/src/database/index.js","statementMap":{"0":{"start":{"line":5,"column":4},"end":{"line":5,"column":17}},"1":{"start":{"line":10,"column":6},"end":{"line":12,"column":31}},"2":{"start":{"line":14,"column":4},"end":{"line":17,"column":7}}},"fnMap":{"0":{"name":"(anonymous_0)","decl":{"start":{"line":4,"column":2},"end":{"line":4,"column":3}},"loc":{"start":{"line":4,"column":16},"end":{"line":6,"column":3}},"line":4},"1":{"name":"(anonymous_1)","decl":{"start":{"line":8,"column":2},"end":{"line":8,"column":3}},"loc":{"start":{"line":8,"column":10},"end":{"line":18,"column":3}},"line":8}},"branchMap":{"0":{"loc":{"start":{"line":10,"column":6},"end":{"line":12,"column":31}},"type":"cond-expr","locations":[{"start":{"line":11,"column":10},"end":{"line":11,"column":40}},{"start":{"line":12,"column":10},"end":{"line":12,"column":31}}],"line":10}},"s":{"0":1,"1":1,"2":1},"f":{"0":1,"1":1},"b":{"0":[1,0]},"_coverageSchema":"43e27e138ebf9cfc5966b082cf9a028302ed4184","hash":"9d9ae0dc1021d9bbf7cdac07875af6ff82f7a911"}
}
